{"level":"info","message":"User logged in successfully: test@example.com","service":"user-service","timestamp":"2024-10-30T17:30:10.143Z"}
{"level":"info","message":"User logged in successfully: test@example.com","service":"user-service","timestamp":"2024-10-30T17:30:48.123Z"}
{"level":"info","message":"User logged in successfully: test@example.com","service":"user-service","timestamp":"2024-10-30T17:30:51.238Z"}
{"level":"warn","message":"Invalid credentials: user not found or not an admin","service":"user-service","timestamp":"2024-10-30T17:37:41.382Z"}
{"level":"info","message":"User logged in successfully: test@example.com","service":"user-service","timestamp":"2024-10-30T17:39:58.681Z"}
{"level":"info","message":"User logged in successfully: test@example.com","service":"user-service","timestamp":"2024-10-30T17:42:42.916Z"}
{"level":"info","message":"User logged in successfully: test@example.com","service":"user-service","timestamp":"2024-10-30T17:47:46.432Z"}
{"level":"warn","message":"Invalid credentials: user not found or not an admin","service":"user-service","timestamp":"2024-10-30T17:51:25.093Z"}
{"level":"info","message":"Admin logged in successfully: 00marko.r@gmail.com","service":"user-service","timestamp":"2024-10-30T17:51:40.369Z"}
{"level":"error","message":"Server error: PrismaClientInitializationError: \nInvalid `prisma.user.findFirst()` invocation:\n\n\nCan't reach database server at `localhost:5432`\n\nPlease make sure your database server is running at `localhost:5432`.\n    at Mn.handleRequestError (/home/lucifer/projects/messApp/api/node_modules/@prisma/client/runtime/library.js:121:8053)\n    at Mn.handleAndLogRequestError (/home/lucifer/projects/messApp/api/node_modules/@prisma/client/runtime/library.js:121:7061)\n    at Mn.request (/home/lucifer/projects/messApp/api/node_modules/@prisma/client/runtime/library.js:121:6745)\n    at async l (/home/lucifer/projects/messApp/api/node_modules/@prisma/client/runtime/library.js:130:9633)\n    at async login (file:///home/lucifer/projects/messApp/api/controllers/authController.js:63:18) {\n  [stack]: 'PrismaClientInitializationError: \\n' +\n    'Invalid `prisma.user.findFirst()` invocation:\\n' +\n    '\\n' +\n    '\\n' +\n    \"Can't reach database server at `localhost:5432`\\n\" +\n    '\\n' +\n    'Please make sure your database server is running at `localhost:5432`.\\n' +\n    '    at Mn.handleRequestError (/home/lucifer/projects/messApp/api/node_modules/@prisma/client/runtime/library.js:121:8053)\\n' +\n    '    at Mn.handleAndLogRequestError (/home/lucifer/projects/messApp/api/node_modules/@prisma/client/runtime/library.js:121:7061)\\n' +\n    '    at Mn.request (/home/lucifer/projects/messApp/api/node_modules/@prisma/client/runtime/library.js:121:6745)\\n' +\n    '    at async l (/home/lucifer/projects/messApp/api/node_modules/@prisma/client/runtime/library.js:130:9633)\\n' +\n    '    at async login (file:///home/lucifer/projects/messApp/api/controllers/authController.js:63:18)',\n  [message]: '\\n' +\n    'Invalid `prisma.user.findFirst()` invocation:\\n' +\n    '\\n' +\n    '\\n' +\n    \"Can't reach database server at `localhost:5432`\\n\" +\n    '\\n' +\n    'Please make sure your database server is running at `localhost:5432`.',\n  name: 'PrismaClientInitializationError',\n  clientVersion: '5.21.1',\n  errorCode: undefined,\n  [Symbol(Symbol.toStringTag)]: [Getter]\n}","service":"user-service","timestamp":"2024-10-31T21:37:47.974Z"}
{"level":"info","message":"User logged in successfully: test@example.com","service":"user-service","timestamp":"2024-10-31T21:38:11.579Z"}
{"level":"error","message":"Server error: PrismaClientInitializationError: \nInvalid `prisma.user.findFirst()` invocation:\n\n\nCan't reach database server at `localhost:5432`\n\nPlease make sure your database server is running at `localhost:5432`.\n    at Mn.handleRequestError (/home/lucifer/projects/messApp/api/node_modules/@prisma/client/runtime/library.js:121:8053)\n    at Mn.handleAndLogRequestError (/home/lucifer/projects/messApp/api/node_modules/@prisma/client/runtime/library.js:121:7061)\n    at Mn.request (/home/lucifer/projects/messApp/api/node_modules/@prisma/client/runtime/library.js:121:6745)\n    at async l (/home/lucifer/projects/messApp/api/node_modules/@prisma/client/runtime/library.js:130:9633)\n    at async login (file:///home/lucifer/projects/messApp/api/controllers/authController.js:63:18) {\n  [stack]: 'PrismaClientInitializationError: \\n' +\n    'Invalid `prisma.user.findFirst()` invocation:\\n' +\n    '\\n' +\n    '\\n' +\n    \"Can't reach database server at `localhost:5432`\\n\" +\n    '\\n' +\n    'Please make sure your database server is running at `localhost:5432`.\\n' +\n    '    at Mn.handleRequestError (/home/lucifer/projects/messApp/api/node_modules/@prisma/client/runtime/library.js:121:8053)\\n' +\n    '    at Mn.handleAndLogRequestError (/home/lucifer/projects/messApp/api/node_modules/@prisma/client/runtime/library.js:121:7061)\\n' +\n    '    at Mn.request (/home/lucifer/projects/messApp/api/node_modules/@prisma/client/runtime/library.js:121:6745)\\n' +\n    '    at async l (/home/lucifer/projects/messApp/api/node_modules/@prisma/client/runtime/library.js:130:9633)\\n' +\n    '    at async login (file:///home/lucifer/projects/messApp/api/controllers/authController.js:63:18)',\n  [message]: '\\n' +\n    'Invalid `prisma.user.findFirst()` invocation:\\n' +\n    '\\n' +\n    '\\n' +\n    \"Can't reach database server at `localhost:5432`\\n\" +\n    '\\n' +\n    'Please make sure your database server is running at `localhost:5432`.',\n  name: 'PrismaClientInitializationError',\n  clientVersion: '5.21.1',\n  errorCode: undefined,\n  [Symbol(Symbol.toStringTag)]: [Getter]\n}","service":"user-service","timestamp":"2024-11-01T17:18:19.337Z"}
{"level":"info","message":"User logged in successfully: test@example.com","service":"user-service","timestamp":"2024-11-01T17:18:55.990Z"}
{"level":"info","message":"User registered successfully: user1@example.com","service":"user-service","timestamp":"2024-11-01T17:33:53.120Z"}
{"level":"info","message":"User registered successfully: user2@example.com","service":"user-service","timestamp":"2024-11-01T17:34:04.807Z"}
{"level":"info","message":"User registered successfully: user3@example.com","service":"user-service","timestamp":"2024-11-01T17:34:15.561Z"}
{"level":"info","message":"User logged in successfully: user1@example.com","service":"user-service","timestamp":"2024-11-01T17:35:12.083Z"}
{"level":"info","message":"User logged in successfully: user2@example.com","service":"user-service","timestamp":"2024-11-01T17:35:42.959Z"}
{"level":"info","message":"User logged in successfully: user3@example.com","service":"user-service","timestamp":"2024-11-01T17:36:01.466Z"}
{"level":"info","message":"User registered successfully: user1@example.com","service":"user-service","timestamp":"2024-11-01T18:11:45.177Z"}
{"level":"info","message":"User registered successfully: user2@example.com","service":"user-service","timestamp":"2024-11-01T18:12:00.130Z"}
{"level":"info","message":"User registered successfully: user3@example.com","service":"user-service","timestamp":"2024-11-01T18:12:06.275Z"}
{"level":"info","message":"User logged in successfully: user1@example.com","service":"user-service","timestamp":"2024-11-01T18:12:20.424Z"}
{"level":"info","message":"User logged in successfully: user2@example.com","service":"user-service","timestamp":"2024-11-01T18:12:36.456Z"}
{"level":"info","message":"User logged in successfully: user3@example.com","service":"user-service","timestamp":"2024-11-01T18:12:52.323Z"}
{"level":"info","message":"User registered successfully: user1@example.com","service":"user-service","timestamp":"2024-11-04T07:09:23.290Z"}
{"level":"info","message":"User registered successfully: user2@example.com","service":"user-service","timestamp":"2024-11-04T07:09:31.749Z"}
{"level":"info","message":"User registered successfully: user3@example.com","service":"user-service","timestamp":"2024-11-04T07:09:36.317Z"}
{"level":"info","message":"User logged in successfully: user1@example.com","service":"user-service","timestamp":"2024-11-04T07:10:01.609Z"}
{"level":"info","message":"User logged in successfully: user2@example.com","service":"user-service","timestamp":"2024-11-04T07:10:38.460Z"}
{"level":"info","message":"User logged in successfully: user3@example.com","service":"user-service","timestamp":"2024-11-04T07:10:57.221Z"}
{"level":"info","message":"User registered successfully: user4@example.com","service":"user-service","timestamp":"2024-11-04T08:09:40.628Z"}
{"level":"info","message":"User logged in successfully: user4@example.com","service":"user-service","timestamp":"2024-11-04T08:10:08.382Z"}
{"level":"info","message":"User registered successfully: user1@example.com","service":"user-service","timestamp":"2024-11-04T08:17:25.431Z"}
{"level":"info","message":"User registered successfully: user2@example.com","service":"user-service","timestamp":"2024-11-04T08:17:32.627Z"}
{"level":"warn","message":"User already exists: user2@example.com","service":"user-service","timestamp":"2024-11-04T08:17:41.242Z"}
{"level":"info","message":"User registered successfully: user3@example.com","service":"user-service","timestamp":"2024-11-04T08:17:47.617Z"}
{"level":"info","message":"User registered successfully: user4@example.com","service":"user-service","timestamp":"2024-11-04T08:17:55.688Z"}
{"level":"info","message":"User logged in successfully: user1@example.com","service":"user-service","timestamp":"2024-11-04T08:18:17.509Z"}
{"level":"info","message":"User logged in successfully: user2@example.com","service":"user-service","timestamp":"2024-11-04T08:18:36.577Z"}
{"level":"info","message":"User logged in successfully: user3@example.com","service":"user-service","timestamp":"2024-11-04T08:18:50.935Z"}
{"level":"info","message":"User logged in successfully: user4@example.com","service":"user-service","timestamp":"2024-11-04T08:19:03.990Z"}
{"level":"info","message":"User registered successfully: sokedraw75@gmail.com","service":"user-service","timestamp":"2024-11-04T09:01:40.606Z"}
{"level":"info","message":"User logged in successfully: sokedraw75@gmail.com","service":"user-service","timestamp":"2024-11-04T09:06:57.283Z"}
{"level":"info","message":"User registered successfully: user1@example.com","service":"user-service","timestamp":"2024-11-04T09:38:12.667Z"}
{"level":"info","message":"User registered successfully: user2@example.com","service":"user-service","timestamp":"2024-11-04T09:38:18.496Z"}
{"level":"info","message":"User logged in successfully: user1@example.com","service":"user-service","timestamp":"2024-11-04T09:38:54.327Z"}
{"level":"info","message":"User logged in successfully: user2@example.com","service":"user-service","timestamp":"2024-11-04T09:39:14.868Z"}
{"level":"error","message":"Validation errors: [\n  {\n    type: 'field',\n    value: { identifier: 'user2', password: '123456' },\n    msg: 'Email or username is required',\n    path: '',\n    location: 'body'\n  },\n  [length]: 1\n]","service":"user-service","timestamp":"2024-11-04T10:16:16.989Z"}
{"level":"info","message":"User logged in successfully: user2@example.com","service":"user-service","timestamp":"2024-11-04T10:17:20.866Z"}
{"level":"info","message":"User logged in successfully: user2@example.com","service":"user-service","timestamp":"2024-11-04T10:20:52.264Z"}
{"level":"warn","message":"Invalid credentials: user not found","service":"user-service","timestamp":"2024-11-04T10:21:12.551Z"}
{"level":"info","message":"User registered successfully: user1@example.com","service":"user-service","timestamp":"2024-11-04T10:21:47.894Z"}
{"level":"info","message":"User logged in successfully: user1@example.com","service":"user-service","timestamp":"2024-11-04T10:22:00.660Z"}
{"level":"info","message":"User logged in successfully: user2@example.com","service":"user-service","timestamp":"2024-11-04T11:32:46.936Z"}
{"level":"info","message":"User logged in successfully: user2@example.com","service":"user-service","timestamp":"2024-11-04T11:34:36.892Z"}
{"level":"info","message":"User registered successfully: user1@example.com","service":"user-service","timestamp":"2024-11-04T11:54:51.753Z"}
{"level":"info","message":"User logged in successfully: user1@example.com","service":"user-service","timestamp":"2024-11-04T11:54:59.313Z"}
{"level":"info","message":"User logged in successfully: user1@example.com","service":"user-service","timestamp":"2024-11-04T11:58:07.541Z"}
{"level":"info","message":"User registered successfully: user1@example.com","service":"user-service","timestamp":"2024-11-04T12:06:11.364Z"}
{"level":"info","message":"User logged in successfully: user1@example.com","service":"user-service","timestamp":"2024-11-04T12:06:24.134Z"}
{"level":"info","message":"User logged in successfully: user1@example.com","service":"user-service","timestamp":"2024-11-04T12:06:39.616Z"}
{"level":"info","message":"User logged in successfully: user1@example.com","service":"user-service","timestamp":"2024-11-04T12:07:08.878Z"}
{"level":"info","message":"User logged in successfully: user1@example.com","service":"user-service","timestamp":"2024-11-04T12:09:43.727Z"}
{"level":"info","message":"User logged in successfully: user1@example.com","service":"user-service","timestamp":"2024-11-04T12:22:19.482Z"}
{"level":"info","message":"User logged in successfully: user1@example.com","service":"user-service","timestamp":"2024-11-04T12:22:32.988Z"}
{"level":"info","message":"User logged in successfully: user1@example.com","service":"user-service","timestamp":"2024-11-04T12:22:49.209Z"}
{"level":"info","message":"User logged in successfully: user1@example.com","service":"user-service","timestamp":"2024-11-04T12:38:11.618Z"}
{"level":"info","message":"User logged in successfully: user1@example.com","service":"user-service","timestamp":"2024-11-04T12:38:22.595Z"}
{"level":"info","message":"User logged in successfully: user1@example.com","service":"user-service","timestamp":"2024-11-04T12:45:11.729Z"}
{"level":"info","message":"User logged in successfully: user1@example.com","service":"user-service","timestamp":"2024-11-04T12:45:30.942Z"}
{"level":"warn","message":"Invalid credentials: password mismatch","service":"user-service","timestamp":"2024-11-04T12:47:32.985Z"}
{"level":"info","message":"User logged in successfully: user1@example.com","service":"user-service","timestamp":"2024-11-04T12:47:38.494Z"}
{"level":"info","message":"User logged in successfully: user1@example.com","service":"user-service","timestamp":"2024-11-04T12:47:49.973Z"}
{"level":"info","message":"User logged in successfully: user1@example.com","service":"user-service","timestamp":"2024-11-04T12:48:05.120Z"}
{"level":"info","message":"User logged in successfully: user1@example.com","service":"user-service","timestamp":"2024-11-04T12:48:26.088Z"}
{"level":"info","message":"User registered successfully: user1@example.com","service":"user-service","timestamp":"2024-11-04T12:53:07.940Z"}
{"level":"info","message":"User logged in successfully: user1@example.com","service":"user-service","timestamp":"2024-11-04T12:53:15.201Z"}
{"level":"warn","message":"Invalid credentials: user not found","service":"user-service","timestamp":"2024-11-04T12:53:25.763Z"}
{"level":"info","message":"User registered successfully: user1@example.com","service":"user-service","timestamp":"2024-11-04T12:53:46.954Z"}
{"level":"info","message":"User logged in successfully: user1@example.com","service":"user-service","timestamp":"2024-11-04T12:53:52.628Z"}
{"level":"info","message":"User logged in successfully: user1@example.com","service":"user-service","timestamp":"2024-11-04T12:57:42.352Z"}
{"level":"info","message":"User logged in successfully: user1@example.com","service":"user-service","timestamp":"2024-11-04T12:58:05.810Z"}
{"level":"info","message":"User logged in successfully: user1@example.com","service":"user-service","timestamp":"2024-11-04T12:58:14.170Z"}
{"level":"info","message":"User logged in successfully: user1@example.com","service":"user-service","timestamp":"2024-11-04T13:02:47.756Z"}
{"level":"info","message":"User logged in successfully: user1@example.com","service":"user-service","timestamp":"2024-11-04T13:09:25.010Z"}
{"level":"info","message":"User logged in successfully: user111@example.com","service":"user-service","timestamp":"2024-11-04T13:34:04.382Z"}
{"level":"info","message":"User registered successfully: user1@example.com","service":"user-service","timestamp":"2024-11-04T13:39:40.038Z"}
{"level":"info","message":"User logged in successfully: user1@example.com","service":"user-service","timestamp":"2024-11-04T13:39:45.479Z"}
{"level":"info","message":"User registered successfully: user1@example.com","service":"user-service","timestamp":"2024-11-04T13:50:16.040Z"}
{"level":"info","message":"User logged in successfully: user1@example.com","service":"user-service","timestamp":"2024-11-04T13:50:21.625Z"}
{"level":"info","message":"User logged in successfully: user1@example.com","service":"user-service","timestamp":"2024-11-04T13:50:56.035Z"}
{"level":"info","message":"User registered successfully: user1@example.com","service":"user-service","timestamp":"2024-11-04T13:57:09.432Z"}
{"level":"info","message":"User logged in successfully: user1@example.com","service":"user-service","timestamp":"2024-11-04T13:57:15.491Z"}
{"level":"info","message":"User logged in successfully: user1@example.com","service":"user-service","timestamp":"2024-11-04T14:05:28.633Z"}
{"level":"info","message":"User logged in successfully: user1@example.com","service":"user-service","timestamp":"2024-11-04T14:09:51.419Z"}
{"level":"info","message":"User logged in successfully: user1@example.com","service":"user-service","timestamp":"2024-11-04T14:10:16.711Z"}
{"level":"info","message":"User logged in successfully: user1@example.com","service":"user-service","timestamp":"2024-11-04T14:14:04.075Z"}
{"level":"info","message":"User logged in successfully: user1@example.com","service":"user-service","timestamp":"2024-11-04T14:14:21.429Z"}
{"level":"info","message":"User logged in successfully: user1@example.com","service":"user-service","timestamp":"2024-11-04T14:16:18.119Z"}
{"level":"info","message":"User logged in successfully: user1@example.com","service":"user-service","timestamp":"2024-11-04T14:17:09.142Z"}
{"level":"info","message":"User logged in successfully: user1@example.com","service":"user-service","timestamp":"2024-11-04T14:18:11.829Z"}
{"level":"info","message":"User logged in successfully: user1@example.com","service":"user-service","timestamp":"2024-11-04T14:21:06.839Z"}
{"level":"info","message":"User logged in successfully: user1@example.com","service":"user-service","timestamp":"2024-11-04T14:24:20.707Z"}
{"level":"info","message":"User logged in successfully: user1@example.com","service":"user-service","timestamp":"2024-11-04T14:28:58.727Z"}
{"level":"info","message":"User registered successfully: user1@example.com","service":"user-service","timestamp":"2024-11-04T14:30:07.063Z"}
{"level":"info","message":"User logged in successfully: user1@example.com","service":"user-service","timestamp":"2024-11-04T14:30:11.724Z"}
{"level":"info","message":"User logged in successfully: user1@example.com","service":"user-service","timestamp":"2024-11-04T14:56:03.955Z"}
{"level":"info","message":"User logged in successfully: user1@example.com","service":"user-service","timestamp":"2024-11-04T15:18:43.714Z"}
